<?xml version="1.0" encoding="utf-8"?><testsuites name="pytest tests"><testsuite name="pytest" errors="0" failures="0" skipped="0" tests="16" time="30.831" timestamp="2026-09-10T08:31:56.288801+00:00" hostname="agent-env-c2584e0e-c595-4c87-8971-03b4a1feae4f"><testcase classname="tests.backend_test.TestAnalyzePipeline" name="test_upload_image_returns_path" time="2.571" /><testcase classname="tests.backend_test.TestListingAndSearch" name="test_list_tests_seeded_count" time="0.288" /><testcase classname="tests.backend_test.TestListingAndSearch" name="test_search_by_sample_id" time="0.067" /><testcase classname="tests.backend_test.TestListingAndSearch" name="test_search_by_operator" time="0.064" /><testcase classname="tests.backend_test.TestListingAndSearch" name="test_search_no_match" time="0.064" /><testcase classname="tests.backend_test.TestListingAndSearch" name="test_get_test_by_id" time="0.068" /><testcase classname="tests.backend_test.TestListingAndSearch" name="test_get_test_invalid_id" time="0.063" /><testcase classname="tests.backend_test.TestDashboard" name="test_dashboard_returns_latest_seed" time="0.068" /><testcase classname="tests.backend_test.TestDashboard" name="test_seeded_sample_still_present" time="0.067" /><testcase classname="tests.backend_test.TestNativeStyleMultipartUpload" name="test_upload_accepts_expo_native_multipart" time="0.400" /><testcase classname="tests.backend_test.TestNativeStyleMultipartUpload" name="test_files_endpoint_returns_image_bytes" time="1.262" /><testcase classname="tests.backend_test.TestTrend" name="test_trend_endpoint" time="0.083" /><testcase classname="tests.backend_test.TestDelete" name="test_delete_invalid_id_returns_404" time="0.066" /><testcase classname="tests.backend_test.TestAnalyzePipeline" name="test_analyze_returns_test_record" time="27.559" /><testcase classname="tests.backend_test.TestAnalyzePipeline" name="test_analyzed_record_persisted" time="0.139" /><testcase classname="tests.backend_test.TestAnalyzePipeline" name="test_zz_soft_delete_analyzed_record" time="0.219" /></testsuite></testsuites>