<?xml version="1.0" encoding="utf-8"?><testsuites name="pytest tests"><testsuite name="pytest" errors="0" failures="1" skipped="1" tests="13" time="20.862" timestamp="2026-09-10T08:06:30.022137+00:00" hostname="agent-env-c2584e0e-c595-4c87-8971-03b4a1feae4f"><testcase classname="tests.backend_test.TestAnalyzePipeline" name="test_upload_image_returns_path" time="0.534" /><testcase classname="tests.backend_test.TestListingAndSearch" name="test_list_tests_seeded_count" time="0.303" /><testcase classname="tests.backend_test.TestListingAndSearch" name="test_search_by_sample_id" time="0.071" /><testcase classname="tests.backend_test.TestListingAndSearch" name="test_search_by_operator" time="0.073" /><testcase classname="tests.backend_test.TestListingAndSearch" name="test_search_no_match" time="0.070" /><testcase classname="tests.backend_test.TestListingAndSearch" name="test_get_test_by_id" time="0.072" /><testcase classname="tests.backend_test.TestAnalyzePipeline" name="test_analyze_returns_test_record" time="19.725" /><testcase classname="tests.backend_test.TestListingAndSearch" name="test_get_test_invalid_id" time="0.071" /><testcase classname="tests.backend_test.TestDelete" name="test_delete_soft_deletes" time="0.000"><skipped type="pytest.skip" message="no analyzed_id from analyze test">/app/backend/tests/backend_test.py:220: no analyzed_id from analyze test</skipped></testcase><testcase classname="tests.backend_test.TestDelete" name="test_delete_invalid_id_returns_404" time="0.068" /><testcase classname="tests.backend_test.TestTrend" name="test_trend_endpoint" time="0.073" /><testcase classname="tests.backend_test.TestAnalyzePipeline" name="test_analyzed_record_persisted" time="0.143" /><testcase classname="tests.backend_test.TestDashboard" name="test_dashboard_returns_latest_seed" time="0.070"><failure message="AssertionError: assert 'TEST_AI_INTEGRATION_001' == 'KHT-2026-07-30-001'&#10;  &#10;  - KHT-2026-07-30-001&#10;  + TEST_AI_INTEGRATION_001">backend/tests/backend_test.py:82: in test_dashboard_returns_latest_seed
    assert latest["meta"]["sample_id"] == "KHT-2026-07-30-001"
E   AssertionError: assert 'TEST_AI_INTEGRATION_001' == 'KHT-2026-07-30-001'
E     
E     - KHT-2026-07-30-001
E     + TEST_AI_INTEGRATION_001</failure></testcase></testsuite></testsuites>